<?xml version="1.0" encoding="UTF-8" ?>
<testsuites>
 <testsuite name="MyApi getName function return value" timestamp="2017-09-25T23:01:44" hostname="localhost" time="0" errors="0" tests="3" skipped="0" disabled="0" failures="2">
  <testcase classname="MyApi getName function return value" name="Should be defined." time="0" />
  <testcase classname="MyApi getName function return value" name="Should&apos;t return blank." time="0">
   <failure type="toMatch" message="Expected &apos;&apos; not to match &apos;&apos;, &apos;The function getName() should return the name.&apos;."><![CDATA[Error: Expected '' not to match '', 'The function getName() should return the name.'.
    at stack (C:\Bisaga\Workspaces\learning\mytest\node_modules\jasmine-core\lib\jasmine-core\jasmine.js:2338:17)
    at buildExpectationResult (C:\Bisaga\Workspaces\learning\mytest\node_modules\jasmine-core\lib\jasmine-core\jasmine.js:2308:14)
    at Spec.expectationResultFactory (C:\Bisaga\Workspaces\learning\mytest\node_modules\jasmine-core\lib\jasmine-core\jasmine.js:858:18)
    at Spec.addExpectationResult (C:\Bisaga\Workspaces\learning\mytest\node_modules\jasmine-core\lib\jasmine-core\jasmine.js:487:34)
    at Expectation.addExpectationResult (C:\Bisaga\Workspaces\learning\mytest\node_modules\jasmine-core\lib\jasmine-core\jasmine.js:802:21)
    at Expectation.toMatch (C:\Bisaga\Workspaces\learning\mytest\node_modules\jasmine-core\lib\jasmine-core\jasmine.js:2252:12)
    at UserContext.it (C:\Bisaga\Workspaces\learning\mytest\dist\spec\myapi-spec.js:11:37)
    at attempt (C:\Bisaga\Workspaces\learning\mytest\node_modules\jasmine-core\lib\jasmine-core\jasmine.js:4289:46)
    at QueueRunner.run (C:\Bisaga\Workspaces\learning\mytest\node_modules\jasmine-core\lib\jasmine-core\jasmine.js:4217:20)
    at QueueRunner.execute (C:\Bisaga\Workspaces\learning\mytest\node_modules\jasmine-core\lib\jasmine-core\jasmine.js:4199:10)]]>
   </failure>
  </testcase>
  <testcase classname="MyApi getName function return value" name="Should return &apos;MyName&apos;" time="0">
   <failure type="toMatch" message="Expected &apos;&apos; to match &apos;MyName1&apos;."><![CDATA[Error: Expected '' to match 'MyName1'.
    at stack (C:\Bisaga\Workspaces\learning\mytest\node_modules\jasmine-core\lib\jasmine-core\jasmine.js:2338:17)
    at buildExpectationResult (C:\Bisaga\Workspaces\learning\mytest\node_modules\jasmine-core\lib\jasmine-core\jasmine.js:2308:14)
    at Spec.expectationResultFactory (C:\Bisaga\Workspaces\learning\mytest\node_modules\jasmine-core\lib\jasmine-core\jasmine.js:858:18)
    at Spec.addExpectationResult (C:\Bisaga\Workspaces\learning\mytest\node_modules\jasmine-core\lib\jasmine-core\jasmine.js:487:34)
    at Expectation.addExpectationResult (C:\Bisaga\Workspaces\learning\mytest\node_modules\jasmine-core\lib\jasmine-core\jasmine.js:802:21)
    at Expectation.toMatch (C:\Bisaga\Workspaces\learning\mytest\node_modules\jasmine-core\lib\jasmine-core\jasmine.js:2252:12)
    at UserContext.it (C:\Bisaga\Workspaces\learning\mytest\dist\spec\myapi-spec.js:15:33)
    at attempt (C:\Bisaga\Workspaces\learning\mytest\node_modules\jasmine-core\lib\jasmine-core\jasmine.js:4289:46)
    at QueueRunner.run (C:\Bisaga\Workspaces\learning\mytest\node_modules\jasmine-core\lib\jasmine-core\jasmine.js:4217:20)
    at QueueRunner.execute (C:\Bisaga\Workspaces\learning\mytest\node_modules\jasmine-core\lib\jasmine-core\jasmine.js:4199:10)]]>
   </failure>
  </testcase>
 </testsuite>
</testsuites>